<?xml version="1.0" encoding="UTF-8"?>
<testsuite name="JsonDatabaseTest" tests="1" skipped="0" failures="0" errors="0" timestamp="2023-01-31T12:10:29" hostname="DESKTOP-EHNMICB" time="0.792">
  <properties/>
  <testcase name="start" classname="JsonDatabaseTest" time="0.792"/>
  <system-out><![CDATA[?[1;31m
Start test 1?[0m
Server started!
Client started!
Sent: {"type":"exit"}
?[1;31m
Start test 2?[0m
Server started!
Client started!
Sent: {"type":"get","key":"1"}
Client started!
Sent: {"type":"set","key":"1","value":"Hello world!"}
Client started!
Sent: {"type":"set","key":"1","value":"HelloWorld!"}
Client started!
Sent: {"type":"get","key":"1"}
Client started!
Sent: {"type":"delete","key":"1"}
Client started!
Sent: {"type":"delete","key":"1"}
Client started!
Sent: {"type":"get","key":"1"}
Client started!
Sent: {"type":"set","key":"text","value":"Some text here"}
Client started!
Sent: {"type":"get","key":"text"}
Client started!
Sent: {"type":"get","key":"56"}
Client started!
Sent: {"type":"delete","key":"56"}
Client started!
Sent: {"type":"delete","key":"100"}
Client started!
Sent: {"type":"delete","key":"That key doesn\u0027t exist"}
Client started!
Sent: {"type":"exit"}
]]></system-out>
  <system-err><![CDATA[]]></system-err>
</testsuite>
